<?xml version="1.0" encoding="UTF-8"?>
<!-- Generated by org.testng.reporters.JUnitReportReporter -->
<testsuite hostname="LRIN-QA-01" failures="0" tests="1" name="utilities.CucumberRunner" time="23.523" errors="1" timestamp="2022-03-16T21:10:39 IST" skipped="0">
  <testcase classname="utilities.CucumberRunner" name="runScenario" time="23.523">
    <error message="Cannot invoke &quot;application_pages.AbhuDhabiPage.clickCategory(String)&quot; because &quot;this.abuPage&quot; is null" type="java.lang.NullPointerException">
      <![CDATA[java.lang.NullPointerException: Cannot invoke "application_pages.AbhuDhabiPage.clickCategory(String)" because "this.abuPage" is null
at step_definations.AbuDhabiStepDef.click_on_the_category(AbuDhabiStepDef.java:40)
at ✽.click on the category "Start & Manage a Business"(file:///C:/Users/HarjinderSinghBanga/Downloads/tannAbuDhabi/src/test/resources/feature_files/abuDhabi.feature:9)
]]>
    </error>
  </testcase> <!-- runScenario -->
  <system-out/>
</testsuite> <!-- utilities.CucumberRunner -->
