<?xml version="1.0" encoding="UTF-8"?>
<testng-results ignored="0" total="1" passed="0" failed="1" skipped="0">
  <reporter-output>
  </reporter-output>
  <suite started-at="2022-03-16T21:10:15 IST" name="Suite" finished-at="2022-03-16T21:10:39 IST" duration-ms="24053">
    <groups>
      <group name="cucumber">
        <method signature="AbstractTestNGCucumberTests.runScenario(io.cucumber.testng.PickleWrapper, io.cucumber.testng.FeatureWrapper)[pri:0, instance:utilities.CucumberRunner@101952da]" name="runScenario" class="io.cucumber.testng.AbstractTestNGCucumberTests"/>
      </group> <!-- cucumber -->
    </groups>
    <test started-at="2022-03-16T21:10:15 IST" name="Test" finished-at="2022-03-16T21:10:39 IST" duration-ms="24053">
      <class name="utilities.CucumberRunner">
        <test-method is-config="true" signature="setUpClass()[pri:0, instance:utilities.CucumberRunner@101952da]" started-at="2022-03-16T21:10:15 IST" name="setUpClass" finished-at="2022-03-16T21:10:16 IST" duration-ms="266" status="PASS">
          <reporter-output>
          </reporter-output>
        </test-method> <!-- setUpClass -->
        <test-method is-config="true" signature="initSetup()[pri:0, instance:utilities.CucumberRunner@101952da]" started-at="2022-03-16T21:10:16 IST" name="initSetup" finished-at="2022-03-16T21:10:16 IST" duration-ms="2" status="PASS">
          <reporter-output>
          </reporter-output>
        </test-method> <!-- initSetup -->
        <test-method signature="runScenario(io.cucumber.testng.PickleWrapper, io.cucumber.testng.FeatureWrapper)[pri:0, instance:utilities.CucumberRunner@101952da]" started-at="2022-03-16T21:10:16 IST" name="runScenario" description="Runs Cucumber Scenarios" data-provider="scenarios" finished-at="2022-03-16T21:10:39 IST" duration-ms="23523" status="FAIL">
          <params>
            <param index="0">
              <value>
                <![CDATA["Verify Start and Manage business page"]]>
              </value>
            </param>
            <param index="1">
              <value>
                <![CDATA["Optional[Verify the abuDhabi]"]]>
              </value>
            </param>
          </params>
          <exception class="java.lang.NullPointerException">
            <message>
              <![CDATA[Cannot invoke "application_pages.AbhuDhabiPage.clickCategory(String)" because "this.abuPage" is null]]>
            </message>
            <full-stacktrace>
              <![CDATA[java.lang.NullPointerException: Cannot invoke "application_pages.AbhuDhabiPage.clickCategory(String)" because "this.abuPage" is null
at step_definations.AbuDhabiStepDef.click_on_the_category(AbuDhabiStepDef.java:40)
at ✽.click on the category "Start & Manage a Business"(file:///C:/Users/HarjinderSinghBanga/Downloads/tannAbuDhabi/src/test/resources/feature_files/abuDhabi.feature:9)
]]>
            </full-stacktrace>
          </exception> <!-- java.lang.NullPointerException -->
          <reporter-output>
          </reporter-output>
        </test-method> <!-- runScenario -->
        <test-method is-config="true" signature="finalTearDown()[pri:0, instance:utilities.CucumberRunner@101952da]" started-at="2022-03-16T21:10:39 IST" name="finalTearDown" finished-at="2022-03-16T21:10:39 IST" duration-ms="1" status="PASS">
          <reporter-output>
          </reporter-output>
        </test-method> <!-- finalTearDown -->
        <test-method is-config="true" signature="tearDownClass()[pri:0, instance:utilities.CucumberRunner@101952da]" started-at="2022-03-16T21:10:39 IST" name="tearDownClass" finished-at="2022-03-16T21:10:39 IST" duration-ms="229" status="PASS">
          <reporter-output>
          </reporter-output>
        </test-method> <!-- tearDownClass -->
      </class> <!-- utilities.CucumberRunner -->
    </test> <!-- Test -->
  </suite> <!-- Suite -->
</testng-results>
