<?xml version="1.0" encoding="UTF-8"?>
<!-- Generated by org.testng.reporters.JUnitXMLReporter -->
<testsuite ignored="0" hostname="LRIN-QA-01" failures="1" tests="1" name="Test" time="24.053" errors="0" timestamp="2022-03-16T21:10:39 IST">
  <testcase classname="io.cucumber.testng.AbstractTestNGCucumberTests" name="runScenario" time="23.523">
    <failure type="java.lang.NullPointerException" message="Cannot invoke &amp;quot;application_pages.AbhuDhabiPage.clickCategory(String)&amp;quot; because &amp;quot;this.abuPage&amp;quot; is null">
      <![CDATA[java.lang.NullPointerException: Cannot invoke "application_pages.AbhuDhabiPage.clickCategory(String)" because "this.abuPage" is null
at step_definations.AbuDhabiStepDef.click_on_the_category(AbuDhabiStepDef.java:40)
at ✽.click on the category "Start & Manage a Business"(file:///C:/Users/HarjinderSinghBanga/Downloads/tannAbuDhabi/src/test/resources/feature_files/abuDhabi.feature:9)
]]>
    </failure>
  </testcase> <!-- runScenario -->
</testsuite> <!-- Test -->
